<?xml version="1.0" encoding="UTF-8"?>
<!-- Generated by org.testng.reporters.JUnitXMLReporter -->
<testsuite hostname="DESKTOP-7DU1KEM" ignored="0" name="Test" tests="1" failures="1" timestamp="2020-04-30T13:35:14 MSK" time="7.822" errors="0">
  <testcase name="SendMessage" time="1.648" classname="TestSample.MailTest">
    <failure type="org.openqa.selenium.NoSuchElementException" message="Cannot locate an element using xpath=//*[@id=&amp;quot;nb-1&amp;quot;]/body/div[2]/div[6]/div/div[3]/div[2]/div[2]/div/div/a
For documentation on this error, please visit: https://www.seleniumhq.org/exceptions/no_such_element.html
Build info: version: &amp;apos;3.141.59&amp;apos;, revision: &amp;apos;e82be7d358&amp;apos;, time: &amp;apos;2018-11-14T08:17:03&amp;apos;
System info: host: &amp;apos;DESKTOP-7DU1KEM&amp;apos;, ip: &amp;apos;192.168.166.2&amp;apos;, os.name: &amp;apos;Windows 10&amp;apos;, os.arch: &amp;apos;amd64&amp;apos;, os.version: &amp;apos;10.0&amp;apos;, java.version: &amp;apos;1.8.0_231&amp;apos;
Driver info: driver.version: RemoteWebDriver">
      <![CDATA[org.openqa.selenium.NoSuchElementException: Cannot locate an element using xpath=//*[@id="nb-1"]/body/div[2]/div[6]/div/div[3]/div[2]/div[2]/div/div/a
For documentation on this error, please visit: https://www.seleniumhq.org/exceptions/no_such_element.html
Build info: version: '3.141.59', revision: 'e82be7d358', time: '2018-11-14T08:17:03'
System info: host: 'DESKTOP-7DU1KEM', ip: '192.168.166.2', os.name: 'Windows 10', os.arch: 'amd64', os.version: '10.0', java.version: '1.8.0_231'
Driver info: driver.version: RemoteWebDriver
at org.openqa.selenium.remote.RemoteWebDriver.findElement(RemoteWebDriver.java:327)
at org.openqa.selenium.remote.RemoteWebDriver.findElementByXPath(RemoteWebDriver.java:428)
at org.openqa.selenium.By$ByXPath.findElement(By.java:353)
at org.openqa.selenium.remote.RemoteWebDriver.findElement(RemoteWebDriver.java:315)
at TestSample.MailTest.SendMessage(MailTest.java:35)
at java.util.ArrayList.forEach(ArrayList.java:1257)
... Removed 31 stack frames]]>
    </failure>
  </testcase> <!-- SendMessage -->
</testsuite> <!-- Test -->
